<?xml version="1.0" encoding="UTF-8"?>
<!-- Generated by org.testng.reporters.JUnitReportReporter -->
<testsuite hostname="DESKTOP-7H6R1R9" failures="0" tests="2" name="com.mahesh.automation.seleniumcore.DataProvider1" time="0.020" errors="0" timestamp="2023-04-30T00:05:08 IST" skipped="0">
  <testcase classname="com.mahesh.automation.seleniumcore.DataProvider1" name="hardwork" time="0.013"/>
  <system-out/>
  <testcase classname="com.mahesh.automation.seleniumcore.DataProvider1" name="hardwork" time="0.007"/>
  <system-out/>
</testsuite> <!-- com.mahesh.automation.seleniumcore.DataProvider1 -->
