<?xml version="1.0" encoding="UTF-8"?>
<!-- Generated by org.testng.reporters.JUnitReportReporter -->
<testsuite hostname="DESKTOP-7H6R1R9" failures="0" tests="1" name="com.flipkart.men.tcs.FpMenTest3" time="0.002" errors="0" timestamp="2023-04-28T14:29:31 IST" skipped="0">
  <testcase classname="com.flipkart.men.tcs.FpMenTest3" name="men3" time="0.002"/>
  <system-out/>
</testsuite> <!-- com.flipkart.men.tcs.FpMenTest3 -->
