<?xml version="1.0" encoding="UTF-8"?>
<!-- Generated by org.testng.reporters.JUnitReportReporter -->
<testsuite hostname="DESKTOP-7H6R1R9" failures="0" tests="2" name="com.flipkart.kids.tcs.FpKidsTest3" time="0.006" errors="0" timestamp="2023-04-29T17:10:40 IST" skipped="0">
  <testcase classname="com.flipkart.kids.tcs.FpKidsTest3" name="kids333" time="0.003"/>
  <system-out/>
  <testcase classname="com.flipkart.kids.tcs.FpKidsTest3" name="kids3" time="0.003"/>
  <system-out/>
</testsuite> <!-- com.flipkart.kids.tcs.FpKidsTest3 -->
