<?xml version="1.0" encoding="UTF-8"?>
<!-- Generated by org.testng.reporters.JUnitReportReporter -->
<testsuite hostname="DESKTOP-7H6R1R9" failures="0" tests="5" name="com.mahesh.automation.seleniumcore.ParametersDemo" time="0.034" errors="0" timestamp="2023-05-05T14:06:58 IST" skipped="0">
  <testcase classname="com.mahesh.automation.seleniumcore.ParametersDemo" name="hardwork" time="0.012"/>
  <system-out/>
  <testcase classname="com.mahesh.automation.seleniumcore.ParametersDemo" name="hardwork" time="0.005"/>
  <system-out/>
  <testcase classname="com.mahesh.automation.seleniumcore.ParametersDemo" name="hardwork" time="0.003"/>
  <system-out/>
  <testcase classname="com.mahesh.automation.seleniumcore.ParametersDemo" name="hardwork" time="0.003"/>
  <system-out/>
  <testcase classname="com.mahesh.automation.seleniumcore.ParametersDemo" name="hardwork" time="0.011"/>
  <system-out/>
</testsuite> <!-- com.mahesh.automation.seleniumcore.ParametersDemo -->
