<?xml version="1.0" encoding="UTF-8"?>
<!-- Generated by org.testng.reporters.JUnitReportReporter -->
<testsuite hostname="DESKTOP-7H6R1R9" failures="0" tests="1" name="com.flipkart.women.tcs.FpWomenTest1" time="0.007" errors="0" timestamp="2023-04-29T17:10:40 IST" skipped="0">
  <testcase classname="com.flipkart.women.tcs.FpWomenTest1" name="women1" time="0.007"/>
  <system-out/>
</testsuite> <!-- com.flipkart.women.tcs.FpWomenTest1 -->
